[    0.000000] Linux version 4.15.0-124-generic (buildd@lgw01-amd64-029) (gcc version 7.5.0 (Ubuntu 7.5.0-3ubuntu1~18.04)) #127-Ubuntu SMP Fri Nov 6 10:54:43 UTC 2020 (Ubuntu 4.15.0-124.127-generic 4.15.18)
[    0.000000] Command line: BOOT_IMAGE=/boot/vmlinuz-4.15.0-124-generic root=LABEL=cloudimg-rootfs ro console=tty1 console=ttyS0
[    0.000000] KERNEL supported cpus:
[    0.000000]   Intel GenuineIntel
[    0.000000]   AMD AuthenticAMD
[    0.000000]   Centaur CentaurHauls
[    0.000000] x86/fpu: Supporting XSAVE feature 0x001: 'x87 floating point registers'
[    0.000000] x86/fpu: Supporting XSAVE feature 0x002: 'SSE registers'
[    0.000000] x86/fpu: Supporting XSAVE feature 0x004: 'AVX registers'
[    0.000000] x86/fpu: xstate_offset[2]:  576, xstate_sizes[2]:  256
[    0.000000] x86/fpu: Enabled xstate features 0x7, context size is 832 bytes, using 'standard' format.
[    0.000000] e820: BIOS-provided physical RAM map:
[    0.000000] BIOS-e820: [mem 0x0000000000000000-0x000000000009fbff] usable
[    0.000000] BIOS-e820: [mem 0x000000000009fc00-0x000000000009ffff] reserved
[    0.000000] BIOS-e820: [mem 0x00000000000f0000-0x00000000000fffff] reserved
[    0.000000] BIOS-e820: [mem 0x0000000000100000-0x000000007ffeffff] usable
[    0.000000] BIOS-e820: [mem 0x000000007fff0000-0x000000007fffffff] ACPI data
[    0.000000] BIOS-e820: [mem 0x00000000fec00000-0x00000000fec00fff] reserved
[    0.000000] BIOS-e820: [mem 0x00000000fee00000-0x00000000fee00fff] reserved
[    0.000000] BIOS-e820: [mem 0x00000000fffc0000-0x00000000ffffffff] reserved
[    0.000000] NX (Execute Disable) protection: active
[    0.000000] SMBIOS 2.5 present.
[    0.000000] DMI: innotek GmbH VirtualBox/VirtualBox, BIOS VirtualBox 12/01/2006
[    0.000000] Hypervisor detected: KVM
[    0.000000] e820: last_pfn = 0x7fff0 max_arch_pfn = 0x400000000
[    0.000000] MTRR: Disabled
[    0.000000] x86/PAT: MTRRs disabled, skipping PAT initialization too.
[    0.000000] CPU MTRRs all blank - virtualized system.
[    0.000000] x86/PAT: Configuration [0-7]: WB  WT  UC- UC  WB  WT  UC- UC  
[    0.000000] found SMP MP-table at [mem 0x0009fff0-0x0009ffff]
[    0.000000] Scanning 1 areas for low memory corruption
[    0.000000] RAMDISK: [mem 0x35a67000-0x36d2afff]
[    0.000000] ACPI: Early table checksum verification disabled
[    0.000000] ACPI: RSDP 0x00000000000E0000 000024 (v02 VBOX  )
[    0.000000] ACPI: XSDT 0x000000007FFF0030 00003C (v01 VBOX   VBOXXSDT 00000001 ASL  00000061)
[    0.000000] ACPI: FACP 0x000000007FFF00F0 0000F4 (v04 VBOX   VBOXFACP 00000001 ASL  00000061)
[    0.000000] ACPI: DSDT 0x000000007FFF0470 002325 (v02 VBOX   VBOXBIOS 00000002 INTL 20120111)
[    0.000000] ACPI: FACS 0x000000007FFF0200 000040
[    0.000000] ACPI: FACS 0x000000007FFF0200 000040
[    0.000000] ACPI: APIC 0x000000007FFF0240 00005C (v02 VBOX   VBOXAPIC 00000001 ASL  00000061)
[    0.000000] ACPI: SSDT 0x000000007FFF02A0 0001CC (v01 VBOX   VBOXCPUT 00000002 INTL 20120111)
[    0.000000] No NUMA configuration found
[    0.000000] Faking a node at [mem 0x0000000000000000-0x000000007ffeffff]
[    0.000000] NODE_DATA(0) allocated [mem 0x7ffc5000-0x7ffeffff]
[    0.000000] kvm-clock: cpu 0, msr 0:7ff44001, primary cpu clock
[    0.000000] kvm-clock: Using msrs 4b564d01 and 4b564d00
[    0.000000] kvm-clock: using sched offset of 4147200019 cycles
[    0.000000] clocksource: kvm-clock: mask: 0xffffffffffffffff max_cycles: 0x1cd42e4dffb, max_idle_ns: 881590591483 ns
[    0.000000] Zone ranges:
[    0.000000]   DMA      [mem 0x0000000000001000-0x0000000000ffffff]
[    0.000000]   DMA32    [mem 0x0000000001000000-0x000000007ffeffff]
[    0.000000]   Normal   empty
[    0.000000]   Device   empty
[    0.000000] Movable zone start for each node
[    0.000000] Early memory node ranges
[    0.000000]   node   0: [mem 0x0000000000001000-0x000000000009efff]
[    0.000000]   node   0: [mem 0x0000000000100000-0x000000007ffeffff]
[    0.000000] Reserved but unavailable: 98 pages
[    0.000000] Initmem setup node 0 [mem 0x0000000000001000-0x000000007ffeffff]
[    0.000000] ACPI: PM-Timer IO Port: 0x4008
[    0.000000] IOAPIC[0]: apic_id 2, version 32, address 0xfec00000, GSI 0-23
[    0.000000] ACPI: INT_SRC_OVR (bus 0 bus_irq 0 global_irq 2 dfl dfl)
[    0.000000] ACPI: INT_SRC_OVR (bus 0 bus_irq 9 global_irq 9 low level)
[    0.000000] Using ACPI (MADT) for SMP configuration information
[    0.000000] smpboot: Allowing 2 CPUs, 0 hotplug CPUs
[    0.000000] PM: Registered nosave memory: [mem 0x00000000-0x00000fff]
[    0.000000] PM: Registered nosave memory: [mem 0x0009f000-0x0009ffff]
[    0.000000] PM: Registered nosave memory: [mem 0x000a0000-0x000effff]
[    0.000000] PM: Registered nosave memory: [mem 0x000f0000-0x000fffff]
[    0.000000] e820: [mem 0x80000000-0xfebfffff] available for PCI devices
[    0.000000] Booting paravirtualized kernel on KVM
[    0.000000] clocksource: refined-jiffies: mask: 0xffffffff max_cycles: 0xffffffff, max_idle_ns: 7645519600211568 ns
[    0.000000] random: get_random_bytes called from start_kernel+0x99/0x500 with crng_init=0
[    0.000000] setup_percpu: NR_CPUS:8192 nr_cpumask_bits:2 nr_cpu_ids:2 nr_node_ids:1
[    0.000000] percpu: Embedded 45 pages/cpu s147456 r8192 d28672 u1048576
[    0.000000] PV qspinlock hash table entries: 256 (order: 0, 4096 bytes)
[    0.000000] Built 1 zonelists, mobility grouping on.  Total pages: 515961
[    0.000000] Policy zone: DMA32
[    0.000000] Kernel command line: BOOT_IMAGE=/boot/vmlinuz-4.15.0-124-generic root=LABEL=cloudimg-rootfs ro console=tty1 console=ttyS0
[    0.000000] Memory: 2015224K/2096696K available (12300K kernel code, 2482K rwdata, 4272K rodata, 2436K init, 2724K bss, 81472K reserved, 0K cma-reserved)
[    0.000000] SLUB: HWalign=64, Order=0-3, MinObjects=0, CPUs=2, Nodes=1
[    0.000000] Kernel/User page tables isolation: enabled
[    0.000000] ftrace: allocating 39402 entries in 154 pages
[    0.004000] Hierarchical RCU implementation.
[    0.004000] 	RCU restricting CPUs from NR_CPUS=8192 to nr_cpu_ids=2.
[    0.004000] 	Tasks RCU enabled.
[    0.004000] RCU: Adjusting geometry for rcu_fanout_leaf=16, nr_cpu_ids=2
[    0.004000] NR_IRQS: 524544, nr_irqs: 440, preallocated irqs: 16
[    0.004000] Console: colour VGA+ 80x25
[    0.004000] console [tty1] enabled
[    0.004000] console [ttyS0] enabled
[    0.004000] ACPI: Core revision 20170831
[    0.004000] ACPI: 2 ACPI AML tables successfully acquired and loaded
[    0.004000] APIC: Switch to symmetric I/O mode setup
[    0.004000] x2apic enabled
[    0.004000] Switched APIC routing to physical x2apic.
[    0.004000] ..TIMER: vector=0x30 apic1=0 pin1=2 apic2=-1 pin2=-1
[    0.004005] tsc: Detected 2494.226 MHz processor
[    0.008012] Calibrating delay loop (skipped) preset value.. 4988.45 BogoMIPS (lpj=9976904)
[    0.010370] pid_max: default: 32768 minimum: 301
[    0.012075] Security Framework initialized
[    0.013534] Yama: becoming mindful.
[    0.014265] AppArmor: AppArmor initialized
[    0.016000] Dentry cache hash table entries: 262144 (order: 9, 2097152 bytes)
[    0.020074] Inode-cache hash table entries: 131072 (order: 8, 1048576 bytes)
[    0.022928] Mount-cache hash table entries: 4096 (order: 3, 32768 bytes)
[    0.024011] Mountpoint-cache hash table entries: 4096 (order: 3, 32768 bytes)
[    0.026321] Last level iTLB entries: 4KB 1024, 2MB 1024, 4MB 1024
[    0.028004] Last level dTLB entries: 4KB 1024, 2MB 1024, 4MB 1024, 1GB 4
[    0.029224] Spectre V1 : Mitigation: usercopy/swapgs barriers and __user pointer sanitization
[    0.031402] Spectre V2 : Mitigation: Full generic retpoline
[    0.032003] Spectre V2 : Spectre v2 / SpectreRSB mitigation: Filling RSB on context switch
[    0.033788] Speculative Store Bypass: Vulnerable
[    0.036046] SRBDS: Unknown: Dependent on hypervisor status
[    0.037462] MDS: Mitigation: Clear CPU buffers
[    0.038952] Freeing SMP alternatives memory: 36K
[    0.150448] smpboot: CPU0: Intel(R) Core(TM) i7-4870HQ CPU @ 2.50GHz (family: 0x6, model: 0x46, stepping: 0x1)
[    0.152000] Performance Events: unsupported p6 CPU model 70 no PMU driver, software events only.
[    0.152054] Hierarchical SRCU implementation.
[    0.153739] NMI watchdog: Perf event create on CPU 0 failed with -2
[    0.156005] NMI watchdog: Perf NMI watchdog permanently disabled
[    0.158016] smp: Bringing up secondary CPUs ...
[    0.159207] x86: Booting SMP configuration:
[    0.159970] .... node  #0, CPUs:      #1
[    0.004000] kvm-clock: cpu 1, msr 0:7ff44041, secondary cpu clock
[    0.164020] smp: Brought up 1 node, 2 CPUs
[    0.164787] smpboot: Max logical packages: 1
[    0.165578] smpboot: Total of 2 processors activated (9976.90 BogoMIPS)
[    0.166830] devtmpfs: initialized
[    0.168075] x86/mm: Memory block size: 128MB
[    0.169205] evm: security.selinux
[    0.170142] evm: security.SMACK64
[    0.170743] evm: security.SMACK64EXEC
[    0.172004] evm: security.SMACK64TRANSMUTE
[    0.172830] evm: security.SMACK64MMAP
[    0.174210] evm: security.apparmor
[    0.176008] evm: security.ima
[    0.176821] evm: security.capability
[    0.177757] clocksource: jiffies: mask: 0xffffffff max_cycles: 0xffffffff, max_idle_ns: 7645041785100000 ns
[    0.177757] futex hash table entries: 512 (order: 3, 32768 bytes)
[    0.180072] pinctrl core: initialized pinctrl subsystem
[    0.181192] RTC time: 22:07:08, date: 01/29/21
[    0.182221] NET: Registered protocol family 16
[    0.183231] audit: initializing netlink subsys (disabled)
[    0.184170] audit: type=2000 audit(1611958033.981:1): state=initialized audit_enabled=0 res=1
[    0.188013] cpuidle: using governor ladder
[    0.189033] cpuidle: using governor menu
[    0.190015] ACPI: bus type PCI registered
[    0.190743] acpiphp: ACPI Hot Plug PCI Controller Driver version: 0.5
[    0.192109] PCI: Using configuration type 1 for base access
[    0.197946] HugeTLB registered 2.00 MiB page size, pre-allocated 0 pages
[    0.200119] ACPI: Added _OSI(Module Device)
[    0.200849] ACPI: Added _OSI(Processor Device)
[    0.201933] ACPI: Added _OSI(3.0 _SCP Extensions)
[    0.203280] ACPI: Added _OSI(Processor Aggregator Device)
[    0.204012] ACPI: Added _OSI(Linux-Dell-Video)
[    0.205045] ACPI: Added _OSI(Linux-Lenovo-NV-HDMI-Audio)
[    0.208012] ACPI: Added _OSI(Linux-HPI-Hybrid-Graphics)
[    0.209658] ACPI: Executed 1 blocks of module-level executable AML code
[    0.213290] ACPI: Interpreter enabled
[    0.214637] ACPI: (supports S0 S5)
[    0.215562] ACPI: Using IOAPIC for interrupt routing
[    0.216216] PCI: Using host bridge windows from ACPI; if necessary, use "pci=nocrs" and report a bug
[    0.218377] ACPI: Enabled 2 GPEs in block 00 to 07
[    0.231258] ACPI: PCI Root Bridge [PCI0] (domain 0000 [bus 00-ff])
[    0.232086] acpi PNP0A03:00: _OSC: OS supports [ASPM ClockPM Segments MSI]
[    0.234600] acpi PNP0A03:00: _OSC: not requesting OS control; OS requires [ExtendedConfig ASPM ClockPM MSI]
[    0.236020] acpi PNP0A03:00: fail to add MMCONFIG information, can't access extended PCI configuration space under this bridge.
[    0.240776] PCI host bridge to bus 0000:00
[    0.242056] pci_bus 0000:00: root bus resource [io  0x0000-0x0cf7 window]
[    0.244009] pci_bus 0000:00: root bus resource [io  0x0d00-0xffff window]
[    0.248010] pci_bus 0000:00: root bus resource [mem 0x000a0000-0x000bffff window]
[    0.251188] pci_bus 0000:00: root bus resource [mem 0x80000000-0xfdffffff window]
[    0.252010] pci_bus 0000:00: root bus resource [bus 00-ff]
[    0.263515] pci 0000:00:01.1: legacy IDE quirk: reg 0x10: [io  0x01f0-0x01f7]
[    0.264005] pci 0000:00:01.1: legacy IDE quirk: reg 0x14: [io  0x03f6]
[    0.265928] pci 0000:00:01.1: legacy IDE quirk: reg 0x18: [io  0x0170-0x0177]
[    0.268006] pci 0000:00:01.1: legacy IDE quirk: reg 0x1c: [io  0x0376]
[    0.298178] pci 0000:00:07.0: quirk: [io  0x4000-0x403f] claimed by PIIX4 ACPI
[    0.300026] pci 0000:00:07.0: quirk: [io  0x4100-0x410f] claimed by PIIX4 SMB
[    0.320777] ACPI: PCI Interrupt Link [LNKA] (IRQs 5 9 10 *11)
[    0.323353] ACPI: PCI Interrupt Link [LNKB] (IRQs 5 9 *10 11)
[    0.324234] ACPI: PCI Interrupt Link [LNKC] (IRQs 5 *9 10 11)
[    0.325968] ACPI: PCI Interrupt Link [LNKD] (IRQs 5 9 10 *11)
[    0.328738] SCSI subsystem initialized
[    0.329941] pci 0000:00:02.0: vgaarb: setting as boot VGA device
[    0.329950] pci 0000:00:02.0: vgaarb: VGA device added: decodes=io+mem,owns=io+mem,locks=none
[    0.332018] pci 0000:00:02.0: vgaarb: bridge control possible
[    0.336005] vgaarb: loaded
[    0.336932] ACPI: bus type USB registered
[    0.338307] usbcore: registered new interface driver usbfs
[    0.340030] usbcore: registered new interface driver hub
[    0.341645] usbcore: registered new device driver usb
[    0.344083] EDAC MC: Ver: 3.0.0
[    0.345576] PCI: Using ACPI for IRQ routing
[    0.348516] NetLabel: Initializing
[    0.349512] NetLabel:  domain hash size = 128
[    0.350767] NetLabel:  protocols = UNLABELED CIPSOv4 CALIPSO
[    0.352028] NetLabel:  unlabeled traffic allowed by default
[    0.353980] clocksource: Switched to clocksource kvm-clock
[    0.371938] VFS: Disk quotas dquot_6.6.0
[    0.373144] VFS: Dquot-cache hash table entries: 512 (order 0, 4096 bytes)
[    0.374937] AppArmor: AppArmor Filesystem Enabled
[    0.376097] pnp: PnP ACPI init
[    0.378541] pnp: PnP ACPI: found 3 devices
[    0.392969] clocksource: acpi_pm: mask: 0xffffff max_cycles: 0xffffff, max_idle_ns: 2085701024 ns
[    0.394555] NET: Registered protocol family 2
[    0.395481] TCP established hash table entries: 16384 (order: 5, 131072 bytes)
[    0.396902] TCP bind hash table entries: 16384 (order: 6, 262144 bytes)
[    0.397989] TCP: Hash tables configured (established 16384 bind 16384)
[    0.401351] UDP hash table entries: 1024 (order: 3, 32768 bytes)
[    0.402977] UDP-Lite hash table entries: 1024 (order: 3, 32768 bytes)
[    0.404799] NET: Registered protocol family 1
[    0.406012] pci 0000:00:00.0: Limiting direct PCI/PCI transfers
[    0.407306] pci 0000:00:01.0: Activating ISA DMA hang workarounds
[    0.408409] pci 0000:00:02.0: Video device with shadowed ROM at [mem 0x000c0000-0x000dffff]
[    0.409881] Unpacking initramfs...
[    0.678512] Freeing initrd memory: 19216K
[    0.679493] clocksource: tsc: mask: 0xffffffffffffffff max_cycles: 0x23f3eb3743e, max_idle_ns: 440795257847 ns
[    0.681374] platform rtc_cmos: registered platform RTC device (no PNP device found)
[    0.682704] Scanning for low memory corruption every 60 seconds
[    0.684429] Initialise system trusted keyrings
[    0.685205] Key type blacklist registered
[    0.686101] workingset: timestamp_bits=36 max_order=19 bucket_order=0
[    0.687938] zbud: loaded
[    0.689030] squashfs: version 4.0 (2009/01/31) Phillip Lougher
[    0.690333] fuse init (API version 7.26)
[    0.694944] Key type asymmetric registered
[    0.695740] Asymmetric key parser 'x509' registered
[    0.696691] Block layer SCSI generic (bsg) driver version 0.4 loaded (major 246)
[    0.698047] io scheduler noop registered
[    0.698873] io scheduler deadline registered
[    0.699625] io scheduler cfq registered (default)
[    0.701023] ACPI: AC Adapter [AC] (on-line)
[    0.701792] input: Power Button as /devices/LNXSYSTM:00/LNXPWRBN:00/input/input0
[    0.703135] ACPI: Power Button [PWRF]
[    0.703856] input: Sleep Button as /devices/LNXSYSTM:00/LNXSLPBN:00/input/input1
[    0.705137] ACPI: Sleep Button [SLPF]
[    0.707182] ACPI: Battery Slot [BAT0] (battery present)
[    0.708378] Serial: 8250/16550 driver, 32 ports, IRQ sharing enabled
[    0.730625] 00:02: ttyS0 at I/O 0x3f8 (irq = 4, base_baud = 115200) is a 16550A
[    0.735832] Linux agpgart interface v0.103
[    0.739579] loop: module loaded
[    0.740712] scsi host0: ata_piix
[    0.741460] scsi host1: ata_piix
[    0.742080] ata1: PATA max UDMA/33 cmd 0x1f0 ctl 0x3f6 bmdma 0xd000 irq 14
[    0.743186] ata2: PATA max UDMA/33 cmd 0x170 ctl 0x376 bmdma 0xd008 irq 15
[    0.744577] libphy: Fixed MDIO Bus: probed
[    0.745344] tun: Universal TUN/TAP device driver, 1.6
[    0.746333] PPP generic driver version 2.4.2
[    0.747207] ehci_hcd: USB 2.0 'Enhanced' Host Controller (EHCI) Driver
[    0.748292] ehci-pci: EHCI PCI platform driver
[    0.749075] ehci-platform: EHCI generic platform driver
[    0.749956] ohci_hcd: USB 1.1 'Open' Host Controller (OHCI) Driver
[    0.750963] ohci-pci: OHCI PCI platform driver
[    0.751791] ohci-platform: OHCI generic platform driver
[    0.752964] uhci_hcd: USB Universal Host Controller Interface driver
[    0.754228] i8042: PNP: PS/2 Controller [PNP0303:PS2K,PNP0f03:PS2M] at 0x60,0x64 irq 1,12
[    0.756447] serio: i8042 KBD port at 0x60,0x64 irq 1
[    0.757522] serio: i8042 AUX port at 0x60,0x64 irq 12
[    0.758670] mousedev: PS/2 mouse device common for all mice
[    0.760385] rtc_cmos rtc_cmos: rtc core: registered rtc_cmos as rtc0
[    0.761574] rtc_cmos rtc_cmos: alarms up to one day, 114 bytes nvram
[    0.762661] input: AT Translated Set 2 keyboard as /devices/platform/i8042/serio0/input/input2
[    0.764129] i2c /dev entries driver
[    0.764915] device-mapper: uevent: version 1.0.3
[    0.765821] device-mapper: ioctl: 4.37.0-ioctl (2017-09-20) initialised: dm-devel@redhat.com
[    0.767350] ledtrig-cpu: registered to indicate activity on CPUs
[    0.768941] NET: Registered protocol family 10
[    0.774136] Segment Routing with IPv6
[    0.774813] NET: Registered protocol family 17
[    0.775839] Key type dns_resolver registered
[    0.776889] mce: Using 0 MCE banks
[    0.777503] RAS: Correctable Errors collector initialized.
[    0.778456] sched_clock: Marking stable (776862696, 0)->(993408741, -216546045)
[    0.780296] registered taskstats version 1
[    0.781006] Loading compiled-in X.509 certificates
[    0.784438] Loaded X.509 cert 'Build time autogenerated kernel key: be62403dcace2d46f96dafa9f42421c610ef3c2a'
[    0.786144] zswap: loaded using pool lzo/zbud
[    0.790493] Key type big_key registered
[    0.791214] Key type trusted registered
[    0.793656] Key type encrypted registered
[    0.794613] AppArmor: AppArmor sha1 policy hashing enabled
[    0.795586] ima: No TPM chip found, activating TPM-bypass! (rc=-19)
[    0.796727] ima: Allocated hash algorithm: sha1
[    0.797515] evm: HMAC attrs: 0x1
[    0.798442]   Magic number: 5:548:149
[    0.799442] rtc_cmos rtc_cmos: setting system clock to 2021-01-29 22:07:09 UTC (1611958029)
[    0.801176] BIOS EDD facility v0.16 2004-Jun-25, 0 devices found
[    0.802424] EDD information not available.
[    0.930498] Freeing unused kernel image memory: 2436K
[    1.164340] Write protecting the kernel read-only data: 20480k
[    1.165963] Freeing unused kernel image memory: 2008K
[    1.167340] Freeing unused kernel image memory: 1872K
[    1.173686] x86/mm: Checked W+X mappings: passed, no W+X pages found.
[    1.175104] x86/mm: Checking user space page tables
[    1.181947] x86/mm: Checked W+X mappings: passed, no W+X pages found.
Loading, please wait...
starting version 237
[    1.242133] Fusion MPT base driver 3.04.20
[    1.242932] Copyright (c) 1999-2008 LSI Corporation
[    1.243921] e1000: Intel(R) PRO/1000 Network Driver - version 7.3.21-k8-NAPI
[    1.245187] e1000: Copyright (c) 1999-2006 Intel Corporation.
[    1.264527] Fusion MPT SPI Host driver 3.04.20
[    1.274254] AVX2 version of gcm_enc/dec engaged.
[    1.275055] AES CTR mode by8 optimization enabled
[    1.483444] input: ImExPS/2 Generic Explorer Mouse as /devices/platform/i8042/serio1/input/input4
[    1.703047] e1000 0000:00:03.0 eth0: (PCI:33MHz:32-bit) 02:60:71:1d:34:36
[    1.704198] e1000 0000:00:03.0 eth0: Intel(R) PRO/1000 Network Connection
[    1.706345] mptbase: ioc0: Initiating bringup
[    2.680435] ioc0: LSI53C1030 A0: Capabilities={Initiator}
[    5.638242] scsi host2: ioc0: LSI53C1030 A0, FwRev=00000000h, Ports=1, MaxQ=256, IRQ=20
[    8.484915] scsi 2:0:0:0: Direct-Access     VBOX     HARDDISK         1.0  PQ: 0 ANSI: 5
[    8.626831] scsi target2:0:0: Beginning Domain Validation
[    8.675152] scsi target2:0:0: Domain Validation skipping write tests
[    8.676624] scsi target2:0:0: Ending Domain Validation
[    8.686694] scsi target2:0:0: asynchronous
[    8.701805] scsi 2:0:1:0: Direct-Access     VBOX     HARDDISK         1.0  PQ: 0 ANSI: 5
[    8.734199] scsi target2:0:1: Beginning Domain Validation
[    8.737300] random: fast init done
[    8.738308] scsi target2:0:1: Domain Validation skipping write tests
[    8.739422] scsi target2:0:1: Ending Domain Validation
[    8.740439] scsi target2:0:1: asynchronous
[    8.745199] random: systemd-udevd: uninitialized urandom read (16 bytes read)
[    8.746477] random: systemd-udevd: uninitialized urandom read (16 bytes read)
[    8.747665] random: systemd-udevd: uninitialized urandom read (16 bytes read)
[    8.749176] sd 2:0:0:0: Attached scsi generic sg0 type 0
[    8.750400] sd 2:0:1:0: Attached scsi generic sg1 type 0
[    8.751936] sd 2:0:1:0: [sdb] 20480 512-byte logical blocks: (10.5 MB/10.0 MiB)
[    8.754016] sd 2:0:1:0: [sdb] Write Protect is off
[    8.755581] sd 2:0:1:0: [sdb] Incomplete mode parameter data
[    8.757074] sd 2:0:1:0: [sdb] Assuming drive cache: write through
[    8.762161] sd 2:0:0:0: [sda] 20971520 512-byte logical blocks: (10.7 GB/10.0 GiB)
[    8.765112] sd 2:0:1:0: [sdb] Attached SCSI disk
[    8.769545] sd 2:0:0:0: [sda] Write Protect is off
[    8.776016] sd 2:0:0:0: [sda] Incomplete mode parameter data
[    8.777879] sd 2:0:0:0: [sda] Assuming drive cache: write through
[    8.780994]  sda: sda1
[    8.782724] sd 2:0:0:0: [sda] Attached SCSI disk
[    9.040515] e1000 0000:00:08.0 eth1: (PCI:33MHz:32-bit) 08:00:27:34:f0:c4
[    9.041845] e1000 0000:00:08.0 eth1: Intel(R) PRO/1000 Network Connection
[    9.044031] e1000 0000:00:03.0 enp0s3: renamed from eth0
[    9.064987] e1000 0000:00:08.0 enp0s8: renamed from eth1
Begin: Loading essential drivers ... [   10.616586] raid6: sse2x1   gen()  7901 MB/s
[   10.664194] raid6: sse2x1   xor()  6442 MB/s
[   10.712286] raid6: sse2x2   gen()  9191 MB/s
[   10.760182] raid6: sse2x2   xor()  6182 MB/s
[   10.808329] raid6: sse2x4   gen() 11114 MB/s
[   10.856099] raid6: sse2x4   xor()  7097 MB/s
[   10.904358] raid6: avx2x1   gen() 14792 MB/s
[   10.952217] raid6: avx2x1   xor() 10574 MB/s
[   11.000117] raid6: avx2x2   gen() 17752 MB/s
[   11.048234] raid6: avx2x2   xor() 10964 MB/s
[   11.096091] raid6: avx2x4   gen() 20755 MB/s
[   11.144579] raid6: avx2x4   xor() 12685 MB/s
[   11.145544] raid6: using algorithm avx2x4 gen() 20755 MB/s
[   11.147215] raid6: .... xor() 12685 MB/s, rmw enabled
[   11.148834] raid6: using avx2x2 recovery algorithm
[   11.152570] xor: automatically using best checksumming function   avx       
[   11.155898] async_tx: api initialized (async)
done.
Begin: Running /scripts/init-premount ... done.
Begin: Mounting root file system ... Begin: Running /scripts/local-top ... done.
Begin: Running /scripts/local-premount ... [   11.232672] Btrfs loaded, crc32c=crc32c-intel
Scanning for Btrfs filesystems
done.
Warning: fsck not present, so skipping root file system
[   11.289354] EXT4-fs (sda1): mounted filesystem with ordered data mode. Opts: (null)
done.
Begin: Running /scripts/local-bottom ... done.
Begin: Running /scripts/init-bottom ... done.
[   11.491909] ip_tables: (C) 2000-2006 Netfilter Core Team
[   11.506010] systemd[1]: systemd 237 running in system mode. (+PAM +AUDIT +SELINUX +IMA +APPARMOR +SMACK +SYSVINIT +UTMP +LIBCRYPTSETUP +GCRYPT +GNUTLS +ACL +XZ +LZ4 +SECCOMP +BLKID +ELFUTILS +KMOD -IDN2 +IDN -PCRE2 default-hierarchy=hybrid)
[   11.511545] systemd[1]: Detected virtualization oracle.
[   11.512879] systemd[1]: Detected architecture x86-64.

Welcome to [1mUbuntu 18.04.5 LTS[0m!

[   11.523914] systemd[1]: Set hostname to <ubuntu>.
[   11.531442] systemd[1]: Initializing machine ID from random generator.
[   11.532610] systemd[1]: Installed transient /etc/machine-id file.
[   11.821423] systemd[1]: Started Forward Password Requests to Wall Directory Watch.
[[0;32m  OK  [0m] Started Forward Password Requests to Wall Directory Watch.
[   11.826455] systemd[1]: Reached target Swap.
[[0;32m  OK  [0m] Reached target Swap.
[   11.832766] systemd[1]: Created slice User and Session Slice.
[[0;32m  OK  [0m] Created slice User and Session Slice.
[   11.836105] systemd[1]: Reached target User and Group Name Lookups.
[[0;32m  OK  [0m] Reached target User and Group Name Lookups.
[[0;32m  OK  [0m] Created slice System Slice.
[[0;32m  OK  [0m] Listening on LVM2 metadata daemon socket.
[[0;32m  OK  [0m] Listening on Journal Socket.
         Mounting POSIX Message Queue File System...
[[0;32m  OK  [0m] Listening on Journal Socket (/dev/log).
         Mounting Kernel Debug File System...
         Starting Uncomplicated firewall...
[[0;32m  OK  [0m] Created slice system-serial\x2dgetty.slice.
[[0;32m  OK  [0m] Listening on LVM2 poll daemon socket.
         Starting Remount Root and Kernel File Systems...
[[0;32m  OK  [0m] Listening on Network Service Netlink Socket.
[[0;32m  OK  [0m] Listening on udev Control Socket.
         Starting Create list of required st…ce nodes for the current kernel...
[[0;32m  OK  [0m] Reached target Slices.
[[0;32m  OK  [0m] Listening on Device-mapper event daemon FIFOs.
[   11.863619] EXT4-fs (sda1): re-mounted. Opts: (null)
         Starting Monitoring of LVM2 mirrors…ng dmeventd or progress polling...
[[0;32m  OK  [0m] Listening on udev Kernel Socket.
         Starting udev Coldplug all Devices...
[[0;32m  OK  [0m] Reached target System Time Synchronized.
[[0;32m  OK  [0m] Set up automount Arbitrary Executab…rmats File System Automount Point.
[[0;32m  OK  [0m] Listening on Journal Audit Socket.
         Mounting Huge Pages File System...
         Starting Set the console keyboard layout...
         Starting Load Kernel Modules...
[[0;32m  OK  [0m] Listening on /dev/initctl Compatibility Named Pipe.
[[0;32m  OK  [0m] Listening on Syslog Socket.
         Starting Journal Service...
[[0;32m  OK  [0m] Mounted POSIX Message Queue File System.
[[0;32m  OK  [0m] Mounted Kernel Debug File System.
[[0;32m  OK  [0m] Started Uncomplicated firewall.
[[0;32m  OK  [0m] Started Remount Root and Kernel File Systems.
[[0;32m  OK  [0m] Started Create list of required sta…vice nodes for the current kernel.
[[0;32m  OK  [0m] Mounted Huge Pages File System.
[[0;32m  OK  [0m] Started LVM2 metadata daemon.
         Starting Create Static Device Nodes in /dev...
         Starting Load/Save Random Seed...
[   11.947451] Loading iSCSI transport class v2.0-870.
[   11.955190] iscsi: registered transport (tcp)
[[0;32m  OK  [0m] Started Journal Service.
[[0;32m  OK  [0m] Started udev Coldplug all Devices.
[[0;32m  OK  [0m] Started Create Static Device Nodes in /dev.
         Starting udev Kernel Device Manager...
         Starting Flush Journal to Persistent Storage...
[[0;32m  OK  [0m] Started Load/Save Random Seed.
[   12.038993] iscsi: registered transport (iser)
[[0;32m  OK  [0m] Started Load Kernel Modules.
         Mounting FUSE Control File System...
         Starting Apply Kernel Variables...
         Mounting Kernel Configuration File System...
[[0;32m  OK  [0m] Started Monitoring of LVM2 mirrors,…sing dmeventd or progress polling.
[[0;32m  OK  [0m] Mounted FUSE Control File System.
[[0;32m  OK  [0m] Mounted Kernel Configuration File System.
[   12.073103] systemd-journald[413]: Received request to flush runtime journal from PID 1
[[0;32m  OK  [0m] Started udev Kernel Device Manager.
[[0;32m  OK  [0m] Started Apply Kernel Variables.
[[0;32m  OK  [0m] Started Flush Journal to Persistent Storage.
[[0;32m  OK  [0m] Found device /dev/ttyS0.
[[0;32m  OK  [0m] Listening on Load/Save RF Kill Switch Status /dev/rfkill Watch.
[[0;32m  OK  [0m] Started Set the console keyboard layout.
[[0;32m  OK  [0m] Reached target Local File Systems (Pre).
[[0;32m  OK  [0m] Reached target Local File Systems.
         Starting ebtables ruleset management...
         Starting Tell Plymouth To Write Out Runtime Data...
         Starting AppArmor initialization...
         Starting Set console font and keymap...
         Starting Commit a transient machine-id on disk...
         Starting Create Volatile Files and Directories...
[[0;32m  OK  [0m] Started Dispatch Password Requests to Console Directory Watch.
[[0;32m  OK  [0m] Reached target Local Encrypted Volumes.
[[0;32m  OK  [0m] Started Tell Plymouth To Write Out Runtime Data.
[[0;32m  OK  [0m] Started Set console font and keymap.
[[0;32m  OK  [0m] Started Create Volatile Files and Directories.
         Starting Update UTMP about System Boot/Shutdown...
[[0;32m  OK  [0m] Started Update UTMP about System Boot/Shutdown.
[[0;32m  OK  [0m] Started Commit a transient machine-id on disk.
[[0;32m  OK  [0m] Started ebtables ruleset management.
[[0;32m  OK  [0m] Started AppArmor initialization.
         Starting Initial cloud-init job (pre-networking)...
         Starting Load AppArmor profiles managed internally by snapd...
[[0;32m  OK  [0m] Started Load AppArmor profiles managed internally by snapd.
[   15.048946] cloud-init[669]: Cloud-init v. 20.3-2-g371b392c-0ubuntu1~18.04.1 running 'init-local' at Fri, 29 Jan 2021 22:07:23 +0000. Up 14.70 seconds.
[[0;32m  OK  [0m] Started Initial cloud-init job (pre-networking).
[[0;32m  OK  [0m] Reached target Network (Pre).
         Starting Network Service...
[[0;32m  OK  [0m] Started Network Service.
         Starting Network Name Resolution...
         Starting Wait for Network to be Configured...
[[0;32m  OK  [0m] Started Network Name Resolution.
[[0;32m  OK  [0m] Reached target Host and Network Name Lookups.
[[0;32m  OK  [0m] Reached target Network.
[[0;32m  OK  [0m] Started Wait for Network to be Configured.
         Starting Initial cloud-init job (metadata service crawler)...
[   17.575086] cloud-init[797]: Cloud-init v. 20.3-2-g371b392c-0ubuntu1~18.04.1 running 'init' at Fri, 29 Jan 2021 22:07:26 +0000. Up 17.32 seconds.
[   17.578170] cloud-init[797]: ci-info: ++++++++++++++++++++++++++++++++++++++Net device info+++++++++++++++++++++++++++++++++++++++
[   17.580864] cloud-init[797]: ci-info: +--------+-------+----------------------------+---------------+--------+-------------------+
[   17.592649] cloud-init[797]: ci-info: | Device |   Up  |          Address           |      Mask     | Scope  |     Hw-Address    |
[   17.604449] cloud-init[797]: ci-info: +--------+-------+----------------------------+---------------+--------+-------------------+
[   17.607258] cloud-init[797]: ci-info: | enp0s3 |  True |         10.0.2.15          | 255.255.255.0 | global | 02:60:71:1d:34:36 |
[   17.621381] cloud-init[797]: ci-info: | enp0s3 |  True | fe80::60:71ff:fe1d:3436/64 |       .       |  link  | 02:60:71:1d:34:36 |
[   17.640810] cloud-init[797]: ci-info: | enp0s8 | False |             .              |       .       |   .    | 08:00:27:34:f0:c4 |
[   17.644724] cloud-init[797]: ci-info: |   lo   |  True |         127.0.0.1          |   255.0.0.0   |  host  |         .         |
[   17.646665] cloud-init[797]: ci-info: |   lo   |  True |          ::1/128           |       .       |  host  |         .         |
[   17.649586] cloud-init[797]: ci-info: +--------+-------+----------------------------+---------------+--------+-------------------+
[   17.652473] cloud-init[797]: ci-info: ++++++++++++++++++++++++++++Route IPv4 info+++++++++++++++++++++++++++++
[   17.654951] cloud-init[797]: ci-info: +-------+-------------+----------+-----------------+-----------+-------+
[   17.656793] cloud-init[797]: ci-info: | Route | Destination | Gateway  |     Genmask     | Interface | Flags |
[   17.658660] cloud-init[797]: ci-info: +-------+-------------+----------+-----------------+-----------+-------+
[   17.661382] cloud-init[797]: ci-info: |   0   |   0.0.0.0   | 10.0.2.2 |     0.0.0.0     |   enp0s3  |   UG  |
[   17.664201] cloud-init[797]: ci-info: |   1   |   10.0.2.0  | 0.0.0.0  |  255.255.255.0  |   enp0s3  |   U   |
[   17.666521] cloud-init[797]: ci-info: |   2   |   10.0.2.2  | 0.0.0.0  | 255.255.255.255 |   enp0s3  |   UH  |
[   17.668847] cloud-init[797]: ci-info: +-------+-------------+----------+-----------------+-----------+-------+
[   17.680339] cloud-init[797]: ci-info: +++++++++++++++++++Route IPv6 info+++++++++++++++++++
[   17.682048] cloud-init[797]: ci-info: +-------+-------------+---------+-----------+-------+
[   17.683503] cloud-init[797]: ci-info: | Route | Destination | Gateway | Interface | Flags |
[   17.685158] cloud-init[797]: ci-info: +-------+-------------+---------+-----------+-------+
[   17.687015] cloud-init[797]: ci-info: |   1   |  fe80::/64  |    ::   |   enp0s3  |   U   |
[   17.689006] cloud-init[797]: ci-info: |   3   |    local    |    ::   |   enp0s3  |   U   |
[   17.690357] cloud-init[797]: ci-info: |   4   |   ff00::/8  |    ::   |   enp0s3  |   U   |
[   17.691469] cloud-init[797]: ci-info: +-------+-------------+---------+-----------+-------+
[   18.292326] cloud-init[797]: Generating public/private rsa key pair.
[   18.293759] cloud-init[797]: Your identification has been saved in /etc/ssh/ssh_host_rsa_key.
[   18.295556] cloud-init[797]: Your public key has been saved in /etc/ssh/ssh_host_rsa_key.pub.
[   18.297454] cloud-init[797]: The key fingerprint is:
[   18.298623] cloud-init[797]: SHA256:Dcu2YmvgqwBWz49dRFl0BtcO8fMdbIL/Osgr/zSz7HU root@ubuntu-bionic
[   18.300479] cloud-init[797]: The key's randomart image is:
[   18.301771] cloud-init[797]: +---[RSA 2048]----+
[   18.303058] cloud-init[797]: |         .++.=o  |
[   18.303955] cloud-init[797]: |        ..  =.o. |
[   18.305108] cloud-init[797]: |   .    .. . .o* |
[   18.306147] cloud-init[797]: |  . o  ..+  . o.=|
[   18.316277] cloud-init[797]: |..   o  S..  .  o|
[   18.317229] cloud-init[797]: |o   . +...    .  |
[   18.318032] cloud-init[797]: |.  . ooo. . .+ oE|
[   18.328267] cloud-init[797]: | .  ...o . oo.* .|
[   18.329261] cloud-init[797]: |  ...o.   oo+*.  |
[   18.340216] cloud-init[797]: +----[SHA256]-----+
[   18.341310] cloud-init[797]: Generating public/private dsa key pair.
[   18.356350] cloud-init[797]: Your identification has been saved in /etc/ssh/ssh_host_dsa_key.
[   18.358203] cloud-init[797]: Your public key has been saved in /etc/ssh/ssh_host_dsa_key.pub.
[   18.360216] cloud-init[797]: The key fingerprint is:
[   18.376407] cloud-init[797]: SHA256:uBXxxrZEB++5nYGLaCd0kyMXP032YVA7DQp21JE+Oq0 root@ubuntu-bionic
[   18.379035] cloud-init[797]: The key's randomart image is:
[[0;32m  OK  [0m] Started Initial cloud-init job (metadata service crawler).
[   18.394417] cloud-init[[0;32m  OK  [0m] Reached target Cloud-config availability.
[[0;32m  OK  [0m] Reached target System Initialization.
[[0;32m  OK  [0m] Started Daily apt download activities.
[[0;32m  OK  [0m] Listening on ACPID Listen Socket.
         Starting Socket activation for snappy daemon.
[[0;32m  OK  [0m] Started Message of the Day.
[[0;32m  OK  [0m] Started Discard unused blocks once a week.
[[0;32m  OK  [0m] Started ACPI Events Check.
[[0;32m  OK  [0m] Reached target Paths.
[[0;32m  OK  [0m] Listening on D-Bus System Message Bus Socket.
[[0;32m  OK  [0m] Listening on UUID daemon activation socket.
[[0;32m  OK  [0m] Listening on Open-iSCSI iscsid Socket.
[[0;32m  OK  [0m] Started Daily apt upgrade and clean activities.
[797]: +---[DSA 1024]----+
[   18.414099] cloud-init[797]: |        . =o+o++ |
[   18.415872] cloud-init         Starting LXD - unix socket.
[[0;32m  OK  [0m] Started Daily Cleanup of Temporary Directories.
[[0;32m  OK  [0m] Reached target Timers.
[[0;32m  OK  [0m] Reached target Network is Online.
[[0;32m  OK  [0m] Reached target Remote File Systems (Pre).
[[0;32m  OK  [0m] Reached target Remote File Systems.
         Starting Availability of block devices...
[[0;32m  OK  [0m] Listening on Socket activation for snappy daemon.
[797]: |         * = .+.o|
[   18.426441] cloud-init[797]: [[0;32m  OK  [0m] Started Availability of block devices.
|        . B o.o=.|
[[0;32m  OK  [0m] Listening on LXD - unix socket.
[[0;32m  OK  [0m] Reached target Sockets.
[[0;32m  OK  [0m] Reached target Basic System.
[   18.436869] cloud-init[797]: |       . = * *+.o|         Starting LSB: Record successful boot for GRUB...

[   18.451133] cloud-init[797]: |      . S B *oo..|
[   18.452275] [[0;32m  OK  [0m] Started Regular background program processing daemon.
[[0;32m  OK  [0m] Started D-Bus System Message Bus.
cloud-init[797]: |       + = +o=.o |
[   18.457406] cloud-init[797]: |      . + o ooo  |
[   18.458337] cloud-init[797]: |       . o  E    |
[   18.459459] cloud-init[797]: |                 |
[   18.472316] cloud-init[797]: +----[SHA256]-----+
[   18.473458] cloud-init[797]: Generating public/private ecdsa key pair.
[   18.475039] cloud-init[797]: Your identification has been saved in /etc/ssh/ssh_host_ecdsa_key.
[   18.476948] cloud-init[797]: Your public key has been saved in /etc/ssh/ssh_host_ecdsa_key.pub.
[   18.478887] cloud-init[797]: The key fingerprint is:
[   18.480295] cloud-init[797]: SHA256:lMoBoCpufSEiKymZ3ARISxIJy07aEu6yIIUCec+DF0s root@ubuntu-bionic
[   18.482608] cloud-init[797]: The key's randomart image is:
[   18.484087] cloud-init[797]: +---[ECDSA 256]---+
[   18.485430] cloud-init[797]: |==...            |
[   18.496355] cloud-init[797]: |B+.  .   .       |
[   18.497630] cloud-init[797]: |B=. E . o        |
[   18.498632] cloud-init[797]: |B=.= + +         |
[   18.499836] cloud-init[797]: |O++o*.o S        |
[   18.500926] cloud-init[797]: |BB=....          |
[   18.502172] cloud-init[797]: |@= o .           |
[   18.503554] cloud-init[797]: |B.  .            |
[   18.504792] cloud-init[797]: |.                |
[   18.505937] cloud-init[797]: +----[SHA256]-----+
[   18.507023] cloud-init[797]: Generating public/private ed25519 key pair.
[   18.508659] cloud-init[797]: Your identification has been saved in /etc/ssh/ssh_host_ed25519_key.
[   18.510755] cloud-init[797]: Your public key has been saved in /etc/ssh/ssh_host_ed25519_key.pub.
[   18.513144] cloud-init[797]: The key fingerprint is:
[   18.514302] cloud-init[797]: SHA256:y+y9I63fIJdSbpclzaokoaBV5MhSalBQIyxwNjArp30 root@ubuntu-bionic
[   18.517202] cloud-init[797]: The key's randomart image is:
[   18.518748] cloud-init[797]: +--[ED25519 256]--+
[   18.520913] cloud-init[797]: |X=B . .          |
[   18.522988] cloud-init[797]: |.O * +           |
[   18.525125] cloud-init[797]: |+ = o o          |
[   18.529412] cloud-init[797]: |.= . .       o   |
[   18.531014] cloud-init[797]: |. . E   S . . +  |
[   18.532489] cloud-init[797]: |   + . + = . =   |
[   18.536571] cloud-init[797]: |  .   . B.B +    |
[[0;32m  OK  [0m] Started irqbalance daemon.
[   18.543328] cloud-init[797]:          Starting LSB: automatic crash report generation...
         Starting Permit User Sessions...
[[0;32m  OK  [0m] Started FUSE filesystem for LXC.
         Starting System Logging Service...
|       ..Oo=     |
[   18.555920] cloud-init[797]: |        o+=o.    |
[   18.560508] cloud-init[797]: +----[SHA256]-----+
         Starting Dispatcher daemon for systemd-networkd...
         Starting Pollinate to seed the pseudo random number generator...
         Starting Snap Daemon...
         Starting Accounts Service...
         Starting LXD - container startup/shutdown...
         Starting Virtualbox guest utils...
         Starting Login Service...
[[0;32m  OK  [0m] Started Deferred execution scheduler.
[[0;32m  OK  [0m] Started System Logging Service.
[[0;32m  OK  [0m] Started Permit User Sessions.
         Starting Hold until boot process finishes up...
         Starting Terminate Plymouth Boot Screen...
[[0;32m  OK  [0m] Started Hold until boot process finishes up.
[[0;32m  OK  [0m] Started Serial Getty on ttyS0.
         Starting Set console scheme...
[[0;32m  OK  [0m] Started Terminate Plymouth Boot Screen.
[[0;32m  OK  [0m] Started Login Service.
[[0;32m  OK  [0m] Started Unattended Upgrades Shutdown.
[[0;32m  OK  [0m] Started Set console scheme.
[[0;32m  OK  [0m] Created slice system-getty.slice.
[[0;32m  OK  [0m] Started Getty on tty1.
[[0;32m  OK  [0m] Reached target Login Prompts.
         Starting Authorization Manager...
[[0;32m  OK  [0m] Started LSB: automatic crash report generation.
[[0;32m  OK  [0m] Started LSB: Record successful boot for GRUB.
[[0;32m  OK  [0m] Started Authorization Manager.
[[0;32m  OK  [0m] Started Accounts Service.
[[0;32m  OK  [0m] Started LXD - container startup/shutdown.
[[0;32m  OK  [0m] Started Virtualbox guest utils.
[[0;32m  OK  [0m] Started Dispatcher daemon for systemd-networkd.
[[0;32m  OK  [0m] Started Snap Daemon.
         Starting Wait until snapd is fully seeded...
[[0;32m  OK  [0m] Started Pollinate to seed the pseudo random number generator.
         Starting OpenBSD Secure Shell server...
[[0;32m  OK  [0m] Started OpenBSD Secure Shell server.
[[0;32m  OK  [0m] Created slice User Slice of vagrant.
         Starting User Manager for UID 1000...
[[0;32m  OK  [0m] Started Session 1 of user vagrant.
[[0;32m  OK  [0m] Started User Manager for UID 1000.
         Starting Hostname Service...

Ubuntu 18.04.5 LTS cluster-worker2 ttyS0

cluster-worker2 login: [   25.108262] cloud-init[1655]: Cloud-init v. 20.3-2-g371b392c-0ubuntu1~18.04.1 running 'modules:config' at Fri, 29 Jan 2021 22:07:33 +0000. Up 24.61 seconds.
ci-info: no authorized SSH keys fingerprints found for user ubuntu.
<14>Jan 29 22:07:34 ec2: 
<14>Jan 29 22:07:34 ec2: #############################################################
<14>Jan 29 22:07:34 ec2: -----BEGIN SSH HOST KEY FINGERPRINTS-----
<14>Jan 29 22:07:34 ec2: 1024 SHA256:uBXxxrZEB++5nYGLaCd0kyMXP032YVA7DQp21JE+Oq0 root@ubuntu-bionic (DSA)
<14>Jan 29 22:07:34 ec2: 256 SHA256:lMoBoCpufSEiKymZ3ARISxIJy07aEu6yIIUCec+DF0s root@ubuntu-bionic (ECDSA)
<14>Jan 29 22:07:34 ec2: 256 SHA256:y+y9I63fIJdSbpclzaokoaBV5MhSalBQIyxwNjArp30 root@ubuntu-bionic (ED25519)
<14>Jan 29 22:07:34 ec2: 2048 SHA256:Dcu2YmvgqwBWz49dRFl0BtcO8fMdbIL/Osgr/zSz7HU root@ubuntu-bionic (RSA)
<14>Jan 29 22:07:34 ec2: -----END SSH HOST KEY FINGERPRINTS-----
<14>Jan 29 22:07:34 ec2: #############################################################
-----BEGIN SSH HOST KEY KEYS-----
ecdsa-sha2-nistp256 AAAAE2VjZHNhLXNoYTItbmlzdHAyNTYAAAAIbmlzdHAyNTYAAABBBFfcArzXNiZHZaX1jo99cVaSuqN1UjDu0h2iS34hEUTXmIOp40GYqm4SetM+lDZ50++gN3GwSTRLPopBMHjQlf4= root@ubuntu-bionic
ssh-ed25519 AAAAC3NzaC1lZDI1NTE5AAAAIJG3sReN/T8usi7xtk/g1bHYDgwZ3QueQ3F8Snzw7jPm root@ubuntu-bionic
ssh-rsa AAAAB3NzaC1yc2EAAAADAQABAAABAQCe2bKFpU0QLjpaW3S/Ms0yNzSjDCDLcxP+bbY4mzW7XSwfJSxCOFS/h9AAvRFHMJqxwJftMoOyxTsZq1G70luZY6He0fIl2L393Ku7R8aR0Ba3hvq4sJ5hnXh2488Zs/38nv310wgT/hx4sLA7zocGtPahN+OWgzyNlICqXKIacEtP6GPV5n7h6//GC1xMdjmCnaL6oWCZMBxCk0qm0U748gyh6mbOjNYmyf1ZY7XJdsJPou6OC3oCJhcnmDueZ+4Gkgd1V540tB0+0HS/YQA1SQv+OtclknZon7ypaDs1w55nIN9XjWHE9lEs/lOvgPzUwszaTXw2sXoBfRuDvD6N root@ubuntu-bionic
-----END SSH HOST KEY KEYS-----
[   26.002092] cloud-init[1900]: Cloud-init v. 20.3-2-g371b392c-0ubuntu1~18.04.1 running 'modules:final' at Fri, 29 Jan 2021 22:07:34 +0000. Up 25.77 seconds.
[   26.002677] cloud-init[1900]: ci-info: no authorized SSH keys fingerprints found for user ubuntu.
[   26.003031] cloud-init[1900]: Cloud-init v. 20.3-2-g371b392c-0ubuntu1~18.04.1 finished at Fri, 29 Jan 2021 22:07:34 +0000. Datasource DataSourceNoCloud [seed=/dev/sdb][dsmode=net].  Up 25.98 seconds
